Release 14.7 - xst P.20131013 (lin64)
Copyright (c) 1995-2013 Xilinx, Inc.  All rights reserved.
--> 
Parameter TMPDIR set to xst/projnav.tmp


Total REAL time to Xst completion: 0.00 secs
Total CPU time to Xst completion: 0.03 secs
 
--> 
Parameter xsthdpdir set to xst


Total REAL time to Xst completion: 0.00 secs
Total CPU time to Xst completion: 0.03 secs
 
--> 
Reading design: counter_7_seg.prj

TABLE OF CONTENTS
  1) Synthesis Options Summary
  2) HDL Compilation
  3) Design Hierarchy Analysis
  4) HDL Analysis
  5) HDL Synthesis
     5.1) HDL Synthesis Report
  6) Advanced HDL Synthesis
     6.1) Advanced HDL Synthesis Report
  7) Low Level Synthesis
  8) Partition Report
  9) Final Report
	9.1) Device utilization summary
	9.2) Partition Resource Summary
	9.3) TIMING REPORT


=========================================================================
*                      Synthesis Options Summary                        *
=========================================================================
---- Source Parameters
Input File Name                    : "counter_7_seg.prj"
Input Format                       : mixed
Ignore Synthesis Constraint File   : NO

---- Target Parameters
Output File Name                   : "counter_7_seg"
Output Format                      : NGC
Target Device                      : xc3s50a-4-tq144

---- Source Options
Top Module Name                    : counter_7_seg
Automatic FSM Extraction           : YES
FSM Encoding Algorithm             : Auto
Safe Implementation                : No
FSM Style                          : LUT
RAM Extraction                     : Yes
RAM Style                          : Auto
ROM Extraction                     : Yes
Mux Style                          : Auto
Decoder Extraction                 : YES
Priority Encoder Extraction        : Yes
Shift Register Extraction          : YES
Logical Shifter Extraction         : YES
XOR Collapsing                     : YES
ROM Style                          : Auto
Mux Extraction                     : Yes
Resource Sharing                   : YES
Asynchronous To Synchronous        : NO
Multiplier Style                   : Auto
Automatic Register Balancing       : No

---- Target Options
Add IO Buffers                     : YES
Global Maximum Fanout              : 100000
Add Generic Clock Buffer(BUFG)     : 24
Register Duplication               : YES
Slice Packing                      : YES
Optimize Instantiated Primitives   : NO
Use Clock Enable                   : Yes
Use Synchronous Set                : Yes
Use Synchronous Reset              : Yes
Pack IO Registers into IOBs        : Auto
Equivalent register Removal        : YES

---- General Options
Optimization Goal                  : Speed
Optimization Effort                : 1
Keep Hierarchy                     : No
Netlist Hierarchy                  : As_Optimized
RTL Output                         : Yes
Global Optimization                : AllClockNets
Read Cores                         : YES
Write Timing Constraints           : NO
Cross Clock Analysis               : NO
Hierarchy Separator                : /
Bus Delimiter                      : <>
Case Specifier                     : Maintain
Slice Utilization Ratio            : 100
BRAM Utilization Ratio             : 100
Verilog 2001                       : YES
Auto BRAM Packing                  : NO
Slice Utilization Ratio Delta      : 5

=========================================================================


=========================================================================
*                          HDL Compilation                              *
=========================================================================
Compiling verilog file "src/decoder_7_seg.v" in library work
Compiling verilog file "src/display_7_seg.v" in library work
Module <decoder_7_seg> compiled
Compiling verilog file "src/debouncer.v" in library work
Module <display_7_seg> compiled
Compiling verilog file "src/counter_7_seg.v" in library work
Module <debouncer> compiled
Module <counter_7_seg> compiled
No errors in compilation
Analysis of file <"counter_7_seg.prj"> succeeded.
 

=========================================================================
*                     Design Hierarchy Analysis                         *
=========================================================================
Analyzing hierarchy for module <counter_7_seg> in library <work>.

Analyzing hierarchy for module <debouncer> in library <work>.

Analyzing hierarchy for module <display_7_seg> in library <work>.

Analyzing hierarchy for module <decoder_7_seg> in library <work>.


=========================================================================
*                            HDL Analysis                               *
=========================================================================
Analyzing top module <counter_7_seg>.
Module <counter_7_seg> is correct for synthesis.
 
Analyzing module <debouncer> in library <work>.
Module <debouncer> is correct for synthesis.
 
Analyzing module <display_7_seg> in library <work>.
Module <display_7_seg> is correct for synthesis.
 
Analyzing module <decoder_7_seg> in library <work>.
Module <decoder_7_seg> is correct for synthesis.
 

=========================================================================
*                           HDL Synthesis                               *
=========================================================================

Performing bidirectional port resolution...

Synthesizing Unit <debouncer>.
    Related source file is "src/debouncer.v".
    Found 1-bit register for signal <state>.
    Found 17-bit up counter for signal <count>.
    Found 1-bit xor2 for signal <idle$xor0000> created at line 44.
    Found 1-bit register for signal <sync_0>.
    Found 1-bit register for signal <sync_1>.
    Summary:
	inferred   1 Counter(s).
	inferred   3 D-type flip-flop(s).
Unit <debouncer> synthesized.


Synthesizing Unit <decoder_7_seg>.
    Related source file is "src/decoder_7_seg.v".
    Found 16x8-bit ROM for signal <SEG$mux0000> created at line 30.
    Found 8-bit register for signal <SEG>.
    Summary:
	inferred   1 ROM(s).
	inferred   8 D-type flip-flop(s).
Unit <decoder_7_seg> synthesized.


Synthesizing Unit <display_7_seg>.
    Related source file is "src/display_7_seg.v".
    Found 3-bit register for signal <DIGIT>.
    Found 3-bit 4-to-1 multiplexer for signal <DIGIT$mux0000>.
    Found 4-bit register for signal <digit_data>.
    Found 4-bit 4-to-1 multiplexer for signal <digit_data$mux0000>.
    Found 2-bit up counter for signal <digit_posn>.
    Found 24-bit up counter for signal <prescaler>.
    Summary:
	inferred   2 Counter(s).
	inferred   7 D-type flip-flop(s).
	inferred   7 Multiplexer(s).
Unit <display_7_seg> synthesized.


Synthesizing Unit <counter_7_seg>.
    Related source file is "src/counter_7_seg.v".
    Found 4-bit up counter for signal <hundreds>.
    Found 4-bit up counter for signal <tens>.
    Found 4-bit up counter for signal <units>.
    Summary:
	inferred   3 Counter(s).
Unit <counter_7_seg> synthesized.


=========================================================================
HDL Synthesis Report

Macro Statistics
# ROMs                                                 : 1
 16x8-bit ROM                                          : 1
# Counters                                             : 7
 17-bit up counter                                     : 2
 2-bit up counter                                      : 1
 24-bit up counter                                     : 1
 4-bit up counter                                      : 3
# Registers                                            : 9
 1-bit register                                        : 6
 3-bit register                                        : 1
 4-bit register                                        : 1
 8-bit register                                        : 1
# Multiplexers                                         : 2
 3-bit 4-to-1 multiplexer                              : 1
 4-bit 4-to-1 multiplexer                              : 1
# Xors                                                 : 2
 1-bit xor2                                            : 2

=========================================================================

=========================================================================
*                       Advanced HDL Synthesis                          *
=========================================================================


Synthesizing (advanced) Unit <decoder_7_seg>.
INFO:Xst:3034 - In order to maximize performance and save block RAM resources, the small ROM <Mrom_SEG_mux0000> will be implemented on LUT. If you want to force its implementation on block, use option/constraint rom_style.
Unit <decoder_7_seg> synthesized (advanced).

=========================================================================
Advanced HDL Synthesis Report

Macro Statistics
# ROMs                                                 : 1
 16x8-bit ROM                                          : 1
# Counters                                             : 7
 17-bit up counter                                     : 2
 2-bit up counter                                      : 1
 24-bit up counter                                     : 1
 4-bit up counter                                      : 3
# Registers                                            : 21
 Flip-Flops                                            : 21
# Multiplexers                                         : 5
 1-bit 4-to-1 multiplexer                              : 4
 3-bit 4-to-1 multiplexer                              : 1
# Xors                                                 : 2
 1-bit xor2                                            : 2

=========================================================================

=========================================================================
*                         Low Level Synthesis                           *
=========================================================================
WARNING:Xst:1710 - FF/Latch <SEG_0> (without init value) has a constant value of 1 in block <decoder_7_seg>. This FF/Latch will be trimmed during the optimization process.

Optimizing unit <counter_7_seg> ...

Optimizing unit <debouncer> ...

Optimizing unit <decoder_7_seg> ...

Optimizing unit <display_7_seg> ...

Mapping all equations...
Building and optimizing final netlist ...
Found area constraint ratio of 100 (+ 5) on block counter_7_seg, actual ratio is 10.

Final Macro Processing ...

Processing Unit <counter_7_seg> :
	Found 2-bit shift register for signal <d2/sync_1>.
	Found 2-bit shift register for signal <d1/sync_1>.
Unit <counter_7_seg> processed.

=========================================================================
Final Register Report

Macro Statistics
# Registers                                            : 88
 Flip-Flops                                            : 88
# Shift Registers                                      : 2
 2-bit shift register                                  : 2

=========================================================================

=========================================================================
*                           Partition Report                            *
=========================================================================

Partition Implementation Status
-------------------------------

  No Partitions were found in this design.

-------------------------------

=========================================================================
*                            Final Report                               *
=========================================================================
Final Results
RTL Top Level Output File Name     : counter_7_seg.ngr
Top Level Output File Name         : counter_7_seg
Output Format                      : NGC
Optimization Goal                  : Speed
Keep Hierarchy                     : No

Design Statistics
# IOs                              : 14

Cell Usage :
# BELS                             : 257
#      GND                         : 1
#      INV                         : 9
#      LUT1                        : 57
#      LUT2                        : 7
#      LUT2_D                      : 1
#      LUT3                        : 21
#      LUT4                        : 27
#      MUXCY                       : 71
#      MUXF5                       : 4
#      VCC                         : 1
#      XORCY                       : 58
# FlipFlops/Latches                : 90
#      FD                          : 7
#      FDE                         : 9
#      FDR                         : 58
#      FDRE                        : 14
#      FDS                         : 2
# Shift Registers                  : 2
#      SRL16                       : 2
# Clock Buffers                    : 1
#      BUFGP                       : 1
# IO Buffers                       : 13
#      IBUF                        : 2
#      OBUF                        : 11
=========================================================================

Device utilization summary:
---------------------------

Selected Device : 3s50atq144-4 

 Number of Slices:                       64  out of    704     9%  
 Number of Slice Flip Flops:             90  out of   1408     6%  
 Number of 4 input LUTs:                124  out of   1408     8%  
    Number used as logic:               122
    Number used as Shift registers:       2
 Number of IOs:                          14
 Number of bonded IOBs:                  14  out of    108    12%  
 Number of GCLKs:                         1  out of     24     4%  

---------------------------
Partition Resource Summary:
---------------------------

  No Partitions were found in this design.

---------------------------


=========================================================================
TIMING REPORT

NOTE: THESE TIMING NUMBERS ARE ONLY A SYNTHESIS ESTIMATE.
      FOR ACCURATE TIMING INFORMATION PLEASE REFER TO THE TRACE REPORT
      GENERATED AFTER PLACE-and-ROUTE.

Clock Information:
------------------
-----------------------------------+------------------------+-------+
Clock Signal                       | Clock buffer(FF name)  | Load  |
-----------------------------------+------------------------+-------+
CLK                                | BUFGP                  | 92    |
-----------------------------------+------------------------+-------+

Asynchronous Control Signals Information:
----------------------------------------
No asynchronous control signals found in this design

Timing Summary:
---------------
Speed Grade: -4

   Minimum period: 6.922ns (Maximum Frequency: 144.467MHz)
   Minimum input arrival time before clock: 1.269ns
   Maximum output required time after clock: 5.558ns
   Maximum combinational path delay: No path found

Timing Detail:
--------------
All values displayed in nanoseconds (ns)

=========================================================================
Timing constraint: Default period analysis for Clock 'CLK'
  Clock period: 6.922ns (frequency: 144.467MHz)
  Total number of paths / destination ports: 2365 / 187
-------------------------------------------------------------------------
Delay:               6.922ns (Levels of Logic = 8)
  Source:            d1/count_12 (FF)
  Destination:       tens_0 (FF)
  Source Clock:      CLK rising
  Destination Clock: CLK rising

  Data Path: d1/count_12 to tens_0
                                Gate     Net
    Cell:in->out      fanout   Delay   Delay  Logical Name (Net Name)
    ----------------------------------------  ------------
     FDR:C->Q              2   0.591   0.590  d1/count_12 (d1/count_12)
     LUT1:I0->O            1   0.648   0.000  d1/finished_wg_cy<0>_rt (d1/finished_wg_cy<0>_rt)
     MUXCY:S->O            1   0.632   0.000  d1/finished_wg_cy<0> (d1/finished_wg_cy<0>)
     MUXCY:CI->O           1   0.065   0.000  d1/finished_wg_cy<1> (d1/finished_wg_cy<1>)
     MUXCY:CI->O           1   0.065   0.000  d1/finished_wg_cy<2> (d1/finished_wg_cy<2>)
     MUXCY:CI->O           1   0.065   0.000  d1/finished_wg_cy<3> (d1/finished_wg_cy<3>)
     MUXCY:CI->O           3   0.269   0.534  d1/finished_wg_cy<4> (d1/finished)
     LUT4:I3->O            7   0.648   0.711  tens_or000011 (tens_not0001)
     LUT4:I3->O            4   0.648   0.587  tens_or00002 (tens_or0000)
     FDRE:R                    0.869          tens_0
    ----------------------------------------
    Total                      6.922ns (4.500ns logic, 2.422ns route)
                                       (65.0% logic, 35.0% route)

=========================================================================
Timing constraint: Default OFFSET IN BEFORE for Clock 'CLK'
  Total number of paths / destination ports: 2 / 2
-------------------------------------------------------------------------
Offset:              1.269ns (Levels of Logic = 1)
  Source:            switch_clear (PAD)
  Destination:       d2/Mshreg_sync_1 (FF)
  Destination Clock: CLK rising

  Data Path: switch_clear to d2/Mshreg_sync_1
                                Gate     Net
    Cell:in->out      fanout   Delay   Delay  Logical Name (Net Name)
    ----------------------------------------  ------------
     IBUF:I->O             1   0.849   0.420  switch_clear_IBUF (switch_clear_IBUF)
     SRL16:D                  -0.064          d2/Mshreg_sync_1
    ----------------------------------------
    Total                      1.269ns (0.849ns logic, 0.420ns route)
                                       (66.9% logic, 33.1% route)

=========================================================================
Timing constraint: Default OFFSET OUT AFTER for Clock 'CLK'
  Total number of paths / destination ports: 10 / 10
-------------------------------------------------------------------------
Offset:              5.558ns (Levels of Logic = 1)
  Source:            display/DIGIT_2 (FF)
  Destination:       DIGIT<2> (PAD)
  Source Clock:      CLK rising

  Data Path: display/DIGIT_2 to DIGIT<2>
                                Gate     Net
    Cell:in->out      fanout   Delay   Delay  Logical Name (Net Name)
    ----------------------------------------  ------------
     FDE:C->Q              2   0.591   0.447  display/DIGIT_2 (display/DIGIT_2)
     OBUF:I->O                 4.520          DIGIT_2_OBUF (DIGIT<2>)
    ----------------------------------------
    Total                      5.558ns (5.111ns logic, 0.447ns route)
                                       (92.0% logic, 8.0% route)

=========================================================================


Total REAL time to Xst completion: 4.00 secs
Total CPU time to Xst completion: 4.08 secs
 
--> 


Total memory usage is 499460 kilobytes

Number of errors   :    0 (   0 filtered)
Number of warnings :    1 (   0 filtered)
Number of infos    :    1 (   0 filtered)

