Release 14.7 - xst P.20131013 (lin64)
Copyright (c) 1995-2013 Xilinx, Inc.  All rights reserved.
--> 
Parameter TMPDIR set to xst/projnav.tmp


Total REAL time to Xst completion: 0.00 secs
Total CPU time to Xst completion: 0.04 secs
 
--> 
Parameter xsthdpdir set to xst


Total REAL time to Xst completion: 0.00 secs
Total CPU time to Xst completion: 0.04 secs
 
--> 
Reading design: debounce.prj

TABLE OF CONTENTS
  1) Synthesis Options Summary
  2) HDL Compilation
  3) Design Hierarchy Analysis
  4) HDL Analysis
  5) HDL Synthesis
     5.1) HDL Synthesis Report
  6) Advanced HDL Synthesis
     6.1) Advanced HDL Synthesis Report
  7) Low Level Synthesis
  8) Partition Report
  9) Final Report
	9.1) Device utilization summary
	9.2) Partition Resource Summary
	9.3) TIMING REPORT


=========================================================================
*                      Synthesis Options Summary                        *
=========================================================================
---- Source Parameters
Input File Name                    : "debounce.prj"
Input Format                       : mixed
Ignore Synthesis Constraint File   : NO

---- Target Parameters
Output File Name                   : "debounce"
Output Format                      : NGC
Target Device                      : xc3s50a-4-tq144

---- Source Options
Top Module Name                    : debounce
Automatic FSM Extraction           : YES
FSM Encoding Algorithm             : Auto
Safe Implementation                : No
FSM Style                          : LUT
RAM Extraction                     : Yes
RAM Style                          : Auto
ROM Extraction                     : Yes
Mux Style                          : Auto
Decoder Extraction                 : YES
Priority Encoder Extraction        : Yes
Shift Register Extraction          : YES
Logical Shifter Extraction         : YES
XOR Collapsing                     : YES
ROM Style                          : Auto
Mux Extraction                     : Yes
Resource Sharing                   : YES
Asynchronous To Synchronous        : NO
Multiplier Style                   : Auto
Automatic Register Balancing       : No

---- Target Options
Add IO Buffers                     : YES
Global Maximum Fanout              : 500
Add Generic Clock Buffer(BUFG)     : 24
Register Duplication               : YES
Slice Packing                      : YES
Optimize Instantiated Primitives   : NO
Use Clock Enable                   : Yes
Use Synchronous Set                : Yes
Use Synchronous Reset              : Yes
Pack IO Registers into IOBs        : Auto
Equivalent register Removal        : YES

---- General Options
Optimization Goal                  : Speed
Optimization Effort                : 1
Keep Hierarchy                     : No
Netlist Hierarchy                  : As_Optimized
RTL Output                         : Yes
Global Optimization                : AllClockNets
Read Cores                         : YES
Write Timing Constraints           : NO
Cross Clock Analysis               : NO
Hierarchy Separator                : /
Bus Delimiter                      : <>
Case Specifier                     : Maintain
Slice Utilization Ratio            : 100
BRAM Utilization Ratio             : 100
Verilog 2001                       : YES
Auto BRAM Packing                  : NO
Slice Utilization Ratio Delta      : 5

=========================================================================


=========================================================================
*                          HDL Compilation                              *
=========================================================================
Compiling verilog file "src/debouncer.v" in library work
Compiling verilog file "src/debounce.v" in library work
Module <debouncer> compiled
Module <debounce> compiled
No errors in compilation
Analysis of file <"debounce.prj"> succeeded.
 

=========================================================================
*                     Design Hierarchy Analysis                         *
=========================================================================
Analyzing hierarchy for module <debounce> in library <work>.

Analyzing hierarchy for module <debouncer> in library <work>.


=========================================================================
*                            HDL Analysis                               *
=========================================================================
Analyzing top module <debounce>.
Module <debounce> is correct for synthesis.
 
Analyzing module <debouncer> in library <work>.
Module <debouncer> is correct for synthesis.
 

=========================================================================
*                           HDL Synthesis                               *
=========================================================================

Performing bidirectional port resolution...

Synthesizing Unit <debouncer>.
    Related source file is "src/debouncer.v".
    Found 1-bit register for signal <state>.
    Found 17-bit up counter for signal <count>.
    Found 1-bit xor2 for signal <idle$xor0000> created at line 44.
    Found 1-bit register for signal <sync_0>.
    Found 1-bit register for signal <sync_1>.
    Summary:
	inferred   1 Counter(s).
	inferred   3 D-type flip-flop(s).
Unit <debouncer> synthesized.


Synthesizing Unit <debounce>.
    Related source file is "src/debounce.v".
    Found 1-bit register for signal <led_a>.
    Found 1-bit register for signal <led_b>.
    Found 1-bit register for signal <led_c>.
    Summary:
	inferred   3 D-type flip-flop(s).
Unit <debounce> synthesized.


=========================================================================
HDL Synthesis Report

Macro Statistics
# Counters                                             : 3
 17-bit up counter                                     : 3
# Registers                                            : 12
 1-bit register                                        : 12
# Xors                                                 : 3
 1-bit xor2                                            : 3

=========================================================================

=========================================================================
*                       Advanced HDL Synthesis                          *
=========================================================================


=========================================================================
Advanced HDL Synthesis Report

Macro Statistics
# Counters                                             : 3
 17-bit up counter                                     : 3
# Registers                                            : 12
 Flip-Flops                                            : 12
# Xors                                                 : 3
 1-bit xor2                                            : 3

=========================================================================

=========================================================================
*                         Low Level Synthesis                           *
=========================================================================

Optimizing unit <debounce> ...

Optimizing unit <debouncer> ...

Mapping all equations...
Building and optimizing final netlist ...
INFO:Xst:2261 - The FF/Latch <d3/sync_0> in Unit <debounce> is equivalent to the following FF/Latch, which will be removed : <d1/sync_0> 
INFO:Xst:2261 - The FF/Latch <d3/sync_1> in Unit <debounce> is equivalent to the following FF/Latch, which will be removed : <d1/sync_1> 
Found area constraint ratio of 100 (+ 5) on block debounce, actual ratio is 6.

Final Macro Processing ...

Processing Unit <debounce> :
	Found 2-bit shift register for signal <d3/sync_1>.
	Found 2-bit shift register for signal <d2/sync_1>.
Unit <debounce> processed.

=========================================================================
Final Register Report

Macro Statistics
# Registers                                            : 57
 Flip-Flops                                            : 57
# Shift Registers                                      : 2
 2-bit shift register                                  : 2

=========================================================================

=========================================================================
*                           Partition Report                            *
=========================================================================

Partition Implementation Status
-------------------------------

  No Partitions were found in this design.

-------------------------------

=========================================================================
*                            Final Report                               *
=========================================================================
Final Results
RTL Top Level Output File Name     : debounce.ngr
Top Level Output File Name         : debounce
Output Format                      : NGC
Optimization Goal                  : Speed
Keep Hierarchy                     : No

Design Statistics
# IOs                              : 6

Cell Usage :
# BELS                             : 194
#      GND                         : 1
#      INV                         : 8
#      LUT1                        : 50
#      LUT2                        : 6
#      LUT3                        : 2
#      LUT4                        : 12
#      MUXCY                       : 63
#      VCC                         : 1
#      XORCY                       : 51
# FlipFlops/Latches                : 59
#      FD                          : 3
#      FDE                         : 5
#      FDR                         : 51
# Shift Registers                  : 2
#      SRL16                       : 2
# Clock Buffers                    : 1
#      BUFGP                       : 1
# IO Buffers                       : 5
#      IBUF                        : 2
#      OBUF                        : 3
=========================================================================

Device utilization summary:
---------------------------

Selected Device : 3s50atq144-4 

 Number of Slices:                       43  out of    704     6%  
 Number of Slice Flip Flops:             59  out of   1408     4%  
 Number of 4 input LUTs:                 80  out of   1408     5%  
    Number used as logic:                78
    Number used as Shift registers:       2
 Number of IOs:                           6
 Number of bonded IOBs:                   6  out of    108     5%  
 Number of GCLKs:                         1  out of     24     4%  

---------------------------
Partition Resource Summary:
---------------------------

  No Partitions were found in this design.

---------------------------


=========================================================================
TIMING REPORT

NOTE: THESE TIMING NUMBERS ARE ONLY A SYNTHESIS ESTIMATE.
      FOR ACCURATE TIMING INFORMATION PLEASE REFER TO THE TRACE REPORT
      GENERATED AFTER PLACE-and-ROUTE.

Clock Information:
------------------
-----------------------------------+------------------------+-------+
Clock Signal                       | Clock buffer(FF name)  | Load  |
-----------------------------------+------------------------+-------+
CLK                                | BUFGP                  | 61    |
-----------------------------------+------------------------+-------+

Asynchronous Control Signals Information:
----------------------------------------
No asynchronous control signals found in this design

Timing Summary:
---------------
Speed Grade: -4

   Minimum period: 5.072ns (Maximum Frequency: 197.161MHz)
   Minimum input arrival time before clock: 1.269ns
   Maximum output required time after clock: 5.558ns
   Maximum combinational path delay: No path found

Timing Detail:
--------------
All values displayed in nanoseconds (ns)

=========================================================================
Timing constraint: Default period analysis for Clock 'CLK'
  Clock period: 5.072ns (frequency: 197.161MHz)
  Total number of paths / destination ports: 664 / 115
-------------------------------------------------------------------------
Delay:               5.072ns (Levels of Logic = 3)
  Source:            d3/sync_1 (FF)
  Destination:       d3/state (FF)
  Source Clock:      CLK rising
  Destination Clock: CLK rising

  Data Path: d3/sync_1 to d3/state
                                Gate     Net
    Cell:in->out      fanout   Delay   Delay  Logical Name (Net Name)
    ----------------------------------------  ------------
     FD:C->Q               3   0.591   0.674  d3/sync_1 (d3/sync_1)
     LUT2:I0->O           18   0.648   1.071  d3/idle1 (d3/idle)
     LUT4:I3->O            1   0.648   0.000  d3/state_not0002_wg_lut<4> (d3/state_not0002_wg_lut<4>)
     MUXCY:S->O            1   0.708   0.420  d3/state_not0002_wg_cy<4> (d3/state_not0002)
     FDE:CE                    0.312          d3/state
    ----------------------------------------
    Total                      5.072ns (2.907ns logic, 2.165ns route)
                                       (57.3% logic, 42.7% route)

=========================================================================
Timing constraint: Default OFFSET IN BEFORE for Clock 'CLK'
  Total number of paths / destination ports: 2 / 2
-------------------------------------------------------------------------
Offset:              1.269ns (Levels of Logic = 1)
  Source:            switch_a (PAD)
  Destination:       d3/Mshreg_sync_1 (FF)
  Destination Clock: CLK rising

  Data Path: switch_a to d3/Mshreg_sync_1
                                Gate     Net
    Cell:in->out      fanout   Delay   Delay  Logical Name (Net Name)
    ----------------------------------------  ------------
     IBUF:I->O             1   0.849   0.420  switch_a_IBUF (switch_a_IBUF)
     SRL16:D                  -0.064          d3/Mshreg_sync_1
    ----------------------------------------
    Total                      1.269ns (0.849ns logic, 0.420ns route)
                                       (66.9% logic, 33.1% route)

=========================================================================
Timing constraint: Default OFFSET OUT AFTER for Clock 'CLK'
  Total number of paths / destination ports: 3 / 3
-------------------------------------------------------------------------
Offset:              5.558ns (Levels of Logic = 1)
  Source:            led_a (FF)
  Destination:       led_a (PAD)
  Source Clock:      CLK rising

  Data Path: led_a to led_a
                                Gate     Net
    Cell:in->out      fanout   Delay   Delay  Logical Name (Net Name)
    ----------------------------------------  ------------
     FDE:C->Q              2   0.591   0.447  led_a (led_a_OBUF)
     OBUF:I->O                 4.520          led_a_OBUF (led_a)
    ----------------------------------------
    Total                      5.558ns (5.111ns logic, 0.447ns route)
                                       (92.0% logic, 8.0% route)

=========================================================================


Total REAL time to Xst completion: 4.00 secs
Total CPU time to Xst completion: 3.73 secs
 
--> 


Total memory usage is 497196 kilobytes

Number of errors   :    0 (   0 filtered)
Number of warnings :    0 (   0 filtered)
Number of infos    :    2 (   0 filtered)

