Release 14.7 - xst P.20131013 (lin64)
Copyright (c) 1995-2013 Xilinx, Inc.  All rights reserved.
--> 
Parameter TMPDIR set to xst/projnav.tmp


Total REAL time to Xst completion: 0.00 secs
Total CPU time to Xst completion: 0.04 secs
 
--> 
Parameter xsthdpdir set to xst


Total REAL time to Xst completion: 0.00 secs
Total CPU time to Xst completion: 0.04 secs
 
--> 
Reading design: counter.prj

TABLE OF CONTENTS
  1) Synthesis Options Summary
  2) HDL Compilation
  3) Design Hierarchy Analysis
  4) HDL Analysis
  5) HDL Synthesis
     5.1) HDL Synthesis Report
  6) Advanced HDL Synthesis
     6.1) Advanced HDL Synthesis Report
  7) Low Level Synthesis
  8) Partition Report
  9) Final Report
	9.1) Device utilization summary
	9.2) Partition Resource Summary
	9.3) TIMING REPORT


=========================================================================
*                      Synthesis Options Summary                        *
=========================================================================
---- Source Parameters
Input File Name                    : "counter.prj"
Input Format                       : mixed
Ignore Synthesis Constraint File   : NO

---- Target Parameters
Output File Name                   : "counter"
Output Format                      : NGC
Target Device                      : xc3s50a-4-tq144

---- Source Options
Top Module Name                    : counter
Automatic FSM Extraction           : YES
FSM Encoding Algorithm             : Auto
Safe Implementation                : No
FSM Style                          : LUT
RAM Extraction                     : Yes
RAM Style                          : Auto
ROM Extraction                     : Yes
Mux Style                          : Auto
Decoder Extraction                 : YES
Priority Encoder Extraction        : Yes
Shift Register Extraction          : YES
Logical Shifter Extraction         : YES
XOR Collapsing                     : YES
ROM Style                          : Auto
Mux Extraction                     : Yes
Resource Sharing                   : YES
Asynchronous To Synchronous        : NO
Multiplier Style                   : Auto
Automatic Register Balancing       : No

---- Target Options
Add IO Buffers                     : YES
Global Maximum Fanout              : 500
Add Generic Clock Buffer(BUFG)     : 24
Register Duplication               : YES
Slice Packing                      : YES
Optimize Instantiated Primitives   : NO
Use Clock Enable                   : Yes
Use Synchronous Set                : Yes
Use Synchronous Reset              : Yes
Pack IO Registers into IOBs        : Auto
Equivalent register Removal        : YES

---- General Options
Optimization Goal                  : Speed
Optimization Effort                : 1
Keep Hierarchy                     : No
Netlist Hierarchy                  : As_Optimized
RTL Output                         : Yes
Global Optimization                : AllClockNets
Read Cores                         : YES
Write Timing Constraints           : NO
Cross Clock Analysis               : NO
Hierarchy Separator                : /
Bus Delimiter                      : <>
Case Specifier                     : Maintain
Slice Utilization Ratio            : 100
BRAM Utilization Ratio             : 100
Verilog 2001                       : YES
Auto BRAM Packing                  : NO
Slice Utilization Ratio Delta      : 5

=========================================================================


=========================================================================
*                          HDL Compilation                              *
=========================================================================
Compiling verilog file "counter.vf" in library work
Module <counter> compiled
No errors in compilation
Analysis of file <"counter.prj"> succeeded.
 

=========================================================================
*                     Design Hierarchy Analysis                         *
=========================================================================
Analyzing hierarchy for module <counter> in library <work>.


=========================================================================
*                            HDL Analysis                               *
=========================================================================
Analyzing top module <counter>.
Module <counter> is correct for synthesis.
 
    Set user-defined property "INIT =  0" for instance <XLXI_1> in unit <counter>.
    Set user-defined property "INIT =  0" for instance <XLXI_2> in unit <counter>.
    Set user-defined property "INIT =  0" for instance <XLXI_3> in unit <counter>.
    Set user-defined property "INIT =  0" for instance <XLXI_4> in unit <counter>.

=========================================================================
*                           HDL Synthesis                               *
=========================================================================

Performing bidirectional port resolution...

Synthesizing Unit <counter>.
    Related source file is "counter.vf".
Unit <counter> synthesized.


=========================================================================
HDL Synthesis Report

Found no macro
=========================================================================

=========================================================================
*                       Advanced HDL Synthesis                          *
=========================================================================


=========================================================================
Advanced HDL Synthesis Report

Macro Statistics
# Registers                                            : 4
 Flip-Flops                                            : 4

=========================================================================

=========================================================================
*                         Low Level Synthesis                           *
=========================================================================

Optimizing unit <counter> ...

Mapping all equations...
Building and optimizing final netlist ...
Found area constraint ratio of 100 (+ 5) on block counter, actual ratio is 0.

Final Macro Processing ...

=========================================================================
Final Register Report

Macro Statistics
# Registers                                            : 4
 Flip-Flops                                            : 4

=========================================================================

=========================================================================
*                           Partition Report                            *
=========================================================================

Partition Implementation Status
-------------------------------

  No Partitions were found in this design.

-------------------------------

=========================================================================
*                            Final Report                               *
=========================================================================
Final Results
RTL Top Level Output File Name     : counter.ngr
Top Level Output File Name         : counter
Output Format                      : NGC
Optimization Goal                  : Speed
Keep Hierarchy                     : No

Design Statistics
# IOs                              : 5

Cell Usage :
# BELS                             : 4
#      INV                         : 4
# FlipFlops/Latches                : 4
#      FD                          : 4
# Clock Buffers                    : 1
#      BUFGP                       : 1
# IO Buffers                       : 4
#      OBUF                        : 4
=========================================================================

Device utilization summary:
---------------------------

Selected Device : 3s50atq144-4 

 Number of Slices:                        2  out of    704     0%  
 Number of Slice Flip Flops:              4  out of   1408     0%  
 Number of 4 input LUTs:                  4  out of   1408     0%  
 Number of IOs:                           5
 Number of bonded IOBs:                   5  out of    108     4%  
 Number of GCLKs:                         1  out of     24     4%  

---------------------------
Partition Resource Summary:
---------------------------

  No Partitions were found in this design.

---------------------------


=========================================================================
TIMING REPORT

NOTE: THESE TIMING NUMBERS ARE ONLY A SYNTHESIS ESTIMATE.
      FOR ACCURATE TIMING INFORMATION PLEASE REFER TO THE TRACE REPORT
      GENERATED AFTER PLACE-and-ROUTE.

Clock Information:
------------------
-----------------------------------+------------------------+-------+
Clock Signal                       | Clock buffer(FF name)  | Load  |
-----------------------------------+------------------------+-------+
CLK                                | BUFGP                  | 1     |
QA_OBUF                            | NONE(XLXI_2)           | 1     |
QB_OBUF                            | NONE(XLXI_3)           | 1     |
QC_OBUF                            | NONE(XLXI_4)           | 1     |
-----------------------------------+------------------------+-------+
INFO:Xst:2169 - HDL ADVISOR - Some clock signals were not automatically buffered by XST with BUFG/BUFR resources. Please use the buffer_type constraint in order to insert these buffers to the clock signals to help prevent skew problems.

Asynchronous Control Signals Information:
----------------------------------------
No asynchronous control signals found in this design

Timing Summary:
---------------
Speed Grade: -4

   Minimum period: 2.385ns (Maximum Frequency: 419.287MHz)
   Minimum input arrival time before clock: No path found
   Maximum output required time after clock: 5.558ns
   Maximum combinational path delay: No path found

Timing Detail:
--------------
All values displayed in nanoseconds (ns)

=========================================================================
Timing constraint: Default period analysis for Clock 'CLK'
  Clock period: 2.385ns (frequency: 419.287MHz)
  Total number of paths / destination ports: 1 / 1
-------------------------------------------------------------------------
Delay:               2.385ns (Levels of Logic = 1)
  Source:            XLXI_1 (FF)
  Destination:       XLXI_1 (FF)
  Source Clock:      CLK rising
  Destination Clock: CLK rising

  Data Path: XLXI_1 to XLXI_1
                                Gate     Net
    Cell:in->out      fanout   Delay   Delay  Logical Name (Net Name)
    ----------------------------------------  ------------
     FD:C->Q               2   0.591   0.447  XLXI_1 (QA_OBUF)
     INV:I->O              2   0.648   0.447  XLXI_5 (XLXN_3)
     FD:D                      0.252          XLXI_1
    ----------------------------------------
    Total                      2.385ns (1.491ns logic, 0.894ns route)
                                       (62.5% logic, 37.5% route)

=========================================================================
Timing constraint: Default period analysis for Clock 'QA_OBUF'
  Clock period: 2.385ns (frequency: 419.287MHz)
  Total number of paths / destination ports: 1 / 1
-------------------------------------------------------------------------
Delay:               2.385ns (Levels of Logic = 1)
  Source:            XLXI_2 (FF)
  Destination:       XLXI_2 (FF)
  Source Clock:      QA_OBUF falling
  Destination Clock: QA_OBUF falling

  Data Path: XLXI_2 to XLXI_2
                                Gate     Net
    Cell:in->out      fanout   Delay   Delay  Logical Name (Net Name)
    ----------------------------------------  ------------
     FD:C->Q               2   0.591   0.447  XLXI_2 (QB_OBUF)
     INV:I->O              2   0.648   0.447  XLXI_6 (XLXN_6)
     FD:D                      0.252          XLXI_2
    ----------------------------------------
    Total                      2.385ns (1.491ns logic, 0.894ns route)
                                       (62.5% logic, 37.5% route)

=========================================================================
Timing constraint: Default period analysis for Clock 'QB_OBUF'
  Clock period: 2.385ns (frequency: 419.287MHz)
  Total number of paths / destination ports: 1 / 1
-------------------------------------------------------------------------
Delay:               2.385ns (Levels of Logic = 1)
  Source:            XLXI_3 (FF)
  Destination:       XLXI_3 (FF)
  Source Clock:      QB_OBUF falling
  Destination Clock: QB_OBUF falling

  Data Path: XLXI_3 to XLXI_3
                                Gate     Net
    Cell:in->out      fanout   Delay   Delay  Logical Name (Net Name)
    ----------------------------------------  ------------
     FD:C->Q               2   0.591   0.447  XLXI_3 (QC_OBUF)
     INV:I->O              2   0.648   0.447  XLXI_7 (XLXN_9)
     FD:D                      0.252          XLXI_3
    ----------------------------------------
    Total                      2.385ns (1.491ns logic, 0.894ns route)
                                       (62.5% logic, 37.5% route)

=========================================================================
Timing constraint: Default period analysis for Clock 'QC_OBUF'
  Clock period: 2.358ns (frequency: 424.088MHz)
  Total number of paths / destination ports: 1 / 1
-------------------------------------------------------------------------
Delay:               2.358ns (Levels of Logic = 1)
  Source:            XLXI_4 (FF)
  Destination:       XLXI_4 (FF)
  Source Clock:      QC_OBUF falling
  Destination Clock: QC_OBUF falling

  Data Path: XLXI_4 to XLXI_4
                                Gate     Net
    Cell:in->out      fanout   Delay   Delay  Logical Name (Net Name)
    ----------------------------------------  ------------
     FD:C->Q               2   0.591   0.447  XLXI_4 (QD_OBUF)
     INV:I->O              1   0.648   0.420  XLXI_8 (XLXN_13)
     FD:D                      0.252          XLXI_4
    ----------------------------------------
    Total                      2.358ns (1.491ns logic, 0.867ns route)
                                       (63.2% logic, 36.8% route)

=========================================================================
Timing constraint: Default OFFSET OUT AFTER for Clock 'CLK'
  Total number of paths / destination ports: 1 / 1
-------------------------------------------------------------------------
Offset:              5.558ns (Levels of Logic = 1)
  Source:            XLXI_1 (FF)
  Destination:       QA (PAD)
  Source Clock:      CLK rising

  Data Path: XLXI_1 to QA
                                Gate     Net
    Cell:in->out      fanout   Delay   Delay  Logical Name (Net Name)
    ----------------------------------------  ------------
     FD:C->Q               2   0.591   0.447  XLXI_1 (QA_OBUF)
     OBUF:I->O                 4.520          QA_OBUF (QA)
    ----------------------------------------
    Total                      5.558ns (5.111ns logic, 0.447ns route)
                                       (92.0% logic, 8.0% route)

=========================================================================
Timing constraint: Default OFFSET OUT AFTER for Clock 'QA_OBUF'
  Total number of paths / destination ports: 1 / 1
-------------------------------------------------------------------------
Offset:              5.558ns (Levels of Logic = 1)
  Source:            XLXI_2 (FF)
  Destination:       QB (PAD)
  Source Clock:      QA_OBUF falling

  Data Path: XLXI_2 to QB
                                Gate     Net
    Cell:in->out      fanout   Delay   Delay  Logical Name (Net Name)
    ----------------------------------------  ------------
     FD:C->Q               2   0.591   0.447  XLXI_2 (QB_OBUF)
     OBUF:I->O                 4.520          QB_OBUF (QB)
    ----------------------------------------
    Total                      5.558ns (5.111ns logic, 0.447ns route)
                                       (92.0% logic, 8.0% route)

=========================================================================
Timing constraint: Default OFFSET OUT AFTER for Clock 'QB_OBUF'
  Total number of paths / destination ports: 1 / 1
-------------------------------------------------------------------------
Offset:              5.558ns (Levels of Logic = 1)
  Source:            XLXI_3 (FF)
  Destination:       QC (PAD)
  Source Clock:      QB_OBUF falling

  Data Path: XLXI_3 to QC
                                Gate     Net
    Cell:in->out      fanout   Delay   Delay  Logical Name (Net Name)
    ----------------------------------------  ------------
     FD:C->Q               2   0.591   0.447  XLXI_3 (QC_OBUF)
     OBUF:I->O                 4.520          QC_OBUF (QC)
    ----------------------------------------
    Total                      5.558ns (5.111ns logic, 0.447ns route)
                                       (92.0% logic, 8.0% route)

=========================================================================
Timing constraint: Default OFFSET OUT AFTER for Clock 'QC_OBUF'
  Total number of paths / destination ports: 1 / 1
-------------------------------------------------------------------------
Offset:              5.558ns (Levels of Logic = 1)
  Source:            XLXI_4 (FF)
  Destination:       QD (PAD)
  Source Clock:      QC_OBUF falling

  Data Path: XLXI_4 to QD
                                Gate     Net
    Cell:in->out      fanout   Delay   Delay  Logical Name (Net Name)
    ----------------------------------------  ------------
     FD:C->Q               2   0.591   0.447  XLXI_4 (QD_OBUF)
     OBUF:I->O                 4.520          QD_OBUF (QD)
    ----------------------------------------
    Total                      5.558ns (5.111ns logic, 0.447ns route)
                                       (92.0% logic, 8.0% route)

=========================================================================


Total REAL time to Xst completion: 4.00 secs
Total CPU time to Xst completion: 3.55 secs
 
--> 


Total memory usage is 496964 kilobytes

Number of errors   :    0 (   0 filtered)
Number of warnings :    0 (   0 filtered)
Number of infos    :    1 (   0 filtered)

