--------------------------------------------------------------------------------
Release 14.7 Trace  (lin64)
Copyright (c) 1995-2013 Xilinx, Inc.  All rights reserved.

/opt/Xilinx/14.7/ISE_DS/ISE/bin/lin64/unwrapped/trce -intstyle ise -v 3 -s 4 -n
3 -fastpaths -xml timer.twx timer.ncd -o timer.twr timer.pcf

Design file:              timer.ncd
Physical constraint file: timer.pcf
Device,package,speed:     xc3s50a,tq144,-4 (PRODUCTION 1.42 2013-10-13)
Report level:             verbose report

Environment Variable      Effect 
--------------------      ------ 
NONE                      No environment variables were set
--------------------------------------------------------------------------------

INFO:Timing:2698 - No timing constraints found, doing default enumeration.
INFO:Timing:3412 - To improve timing, see the Timing Closure User Guide (UG612).
INFO:Timing:2752 - To get complete path coverage, use the unconstrained paths 
   option. All paths that are not constrained will be reported in the 
   unconstrained paths section(s) of the report.
INFO:Timing:3339 - The clock-to-out numbers in this timing report are based on 
   a 50 Ohm transmission line loading model.  For the details of this model, 
   and for more information on accounting for different loading conditions, 
   please see the device datasheet.
INFO:Timing:3390 - This architecture does not support a default System Jitter 
   value, please add SYSTEM_JITTER constraint to the UCF to modify the Clock 
   Uncertainty calculation.
INFO:Timing:3389 - This architecture does not support 'Discrete Jitter' and 
   'Phase Error' calculations, these terms will be zero in the Clock 
   Uncertainty calculation.  Please make appropriate modification to 
   SYSTEM_JITTER to account for the unsupported Discrete Jitter and Phase 
   Error.



Data Sheet report:
-----------------
All values displayed in nanoseconds (ns)

Setup/Hold to clock CLK
-----------------+------------+------------+------------------+--------+
                 |Max Setup to|Max Hold to |                  | Clock  |
Source           | clk (edge) | clk (edge) |Internal Clock(s) | Phase  |
-----------------+------------+------------+------------------+--------+
switch_cancel    |    0.498(R)|    0.548(R)|CLK_BUFGP         |   0.000|
switch_dn        |    0.403(R)|    0.632(R)|CLK_BUFGP         |   0.000|
switch_start_stop|    0.443(R)|    0.594(R)|CLK_BUFGP         |   0.000|
switch_up        |    0.456(R)|    0.577(R)|CLK_BUFGP         |   0.000|
-----------------+------------+------------+------------------+--------+

Clock CLK to Pad
------------+------------+------------------+--------+
            | clk (edge) |                  | Clock  |
Destination |   to PAD   |Internal Clock(s) | Phase  |
------------+------------+------------------+--------+
BUZZER      |    6.953(R)|CLK_BUFGP         |   0.000|
DIGIT<0>    |    7.458(R)|CLK_BUFGP         |   0.000|
DIGIT<1>    |    7.708(R)|CLK_BUFGP         |   0.000|
DIGIT<2>    |    7.609(R)|CLK_BUFGP         |   0.000|
SEG<1>      |    7.331(R)|CLK_BUFGP         |   0.000|
SEG<2>      |    7.397(R)|CLK_BUFGP         |   0.000|
SEG<3>      |    6.950(R)|CLK_BUFGP         |   0.000|
SEG<4>      |    7.177(R)|CLK_BUFGP         |   0.000|
SEG<5>      |    6.865(R)|CLK_BUFGP         |   0.000|
SEG<6>      |    6.845(R)|CLK_BUFGP         |   0.000|
SEG<7>      |    6.823(R)|CLK_BUFGP         |   0.000|
------------+------------+------------------+--------+

Clock to Setup on destination clock CLK
---------------+---------+---------+---------+---------+
               | Src:Rise| Src:Fall| Src:Rise| Src:Fall|
Source Clock   |Dest:Rise|Dest:Rise|Dest:Fall|Dest:Fall|
---------------+---------+---------+---------+---------+
CLK            |    8.750|         |         |         |
---------------+---------+---------+---------+---------+


Analysis completed Sun Jan  3 15:51:18 2021 
--------------------------------------------------------------------------------

Trace Settings:
-------------------------
Trace Settings 

Peak Memory Usage: 350 MB



