Release 14.7 - xst P.20131013 (lin64)
Copyright (c) 1995-2013 Xilinx, Inc.  All rights reserved.
--> 
Parameter TMPDIR set to xst/projnav.tmp


Total REAL time to Xst completion: 0.00 secs
Total CPU time to Xst completion: 0.05 secs
 
--> 
Parameter xsthdpdir set to xst


Total REAL time to Xst completion: 0.00 secs
Total CPU time to Xst completion: 0.05 secs
 
--> 
Reading design: vga_mem.prj

TABLE OF CONTENTS
  1) Synthesis Options Summary
  2) HDL Compilation
  3) Design Hierarchy Analysis
  4) HDL Analysis
  5) HDL Synthesis
     5.1) HDL Synthesis Report
  6) Advanced HDL Synthesis
     6.1) Advanced HDL Synthesis Report
  7) Low Level Synthesis
  8) Partition Report
  9) Final Report
	9.1) Device utilization summary
	9.2) Partition Resource Summary
	9.3) TIMING REPORT


=========================================================================
*                      Synthesis Options Summary                        *
=========================================================================
---- Source Parameters
Input File Name                    : "vga_mem.prj"
Input Format                       : mixed
Ignore Synthesis Constraint File   : NO

---- Target Parameters
Output File Name                   : "vga_mem"
Output Format                      : NGC
Target Device                      : xc3s50a-4-tq144

---- Source Options
Top Module Name                    : vga_mem
Automatic FSM Extraction           : YES
FSM Encoding Algorithm             : Auto
Safe Implementation                : No
FSM Style                          : LUT
RAM Extraction                     : Yes
RAM Style                          : Auto
ROM Extraction                     : Yes
Mux Style                          : Auto
Decoder Extraction                 : YES
Priority Encoder Extraction        : Yes
Shift Register Extraction          : YES
Logical Shifter Extraction         : YES
XOR Collapsing                     : YES
ROM Style                          : Auto
Mux Extraction                     : Yes
Resource Sharing                   : YES
Asynchronous To Synchronous        : NO
Multiplier Style                   : Auto
Automatic Register Balancing       : No

---- Target Options
Add IO Buffers                     : YES
Global Maximum Fanout              : 500
Add Generic Clock Buffer(BUFG)     : 24
Register Duplication               : YES
Slice Packing                      : YES
Optimize Instantiated Primitives   : NO
Use Clock Enable                   : Yes
Use Synchronous Set                : Yes
Use Synchronous Reset              : Yes
Pack IO Registers into IOBs        : Auto
Equivalent register Removal        : YES

---- General Options
Optimization Goal                  : Speed
Optimization Effort                : 1
Keep Hierarchy                     : No
Netlist Hierarchy                  : As_Optimized
RTL Output                         : Yes
Global Optimization                : AllClockNets
Read Cores                         : YES
Write Timing Constraints           : NO
Cross Clock Analysis               : NO
Hierarchy Separator                : /
Bus Delimiter                      : <>
Case Specifier                     : Maintain
Slice Utilization Ratio            : 100
BRAM Utilization Ratio             : 100
Verilog 2001                       : YES
Auto BRAM Packing                  : NO
Slice Utilization Ratio Delta      : 5

=========================================================================


=========================================================================
*                          HDL Compilation                              *
=========================================================================
Compiling verilog file "src/vga.v" in library work
Compiling verilog file "src/vga_mem.v" in library work
Module <vga> compiled
Module <vga_mem> compiled
No errors in compilation
Analysis of file <"vga_mem.prj"> succeeded.
 

=========================================================================
*                     Design Hierarchy Analysis                         *
=========================================================================
Analyzing hierarchy for module <vga_mem> in library <work>.

Analyzing hierarchy for module <vga> in library <work>.


=========================================================================
*                            HDL Analysis                               *
=========================================================================
Analyzing top module <vga_mem>.
INFO:Xst:2546 - "src/vga_mem.v" line 38: reading initialization file "flag.txt".
Module <vga_mem> is correct for synthesis.
 
Analyzing module <vga> in library <work>.
Module <vga> is correct for synthesis.
 

=========================================================================
*                           HDL Synthesis                               *
=========================================================================

Performing bidirectional port resolution...

Synthesizing Unit <vga>.
    Related source file is "src/vga.v".
    Found 10-bit up counter for signal <y>.
    Found 10-bit comparator greater for signal <blank$cmp_gt0000> created at line 34.
    Found 10-bit comparator greater for signal <blank$cmp_gt0001> created at line 34.
    Found 10-bit comparator less for signal <blank$cmp_lt0000> created at line 34.
    Found 10-bit comparator greater for signal <HS$cmp_gt0000> created at line 35.
    Found 10-bit comparator less for signal <HS$cmp_lt0000> created at line 35.
    Found 10-bit comparator greater for signal <VS$cmp_gt0000> created at line 36.
    Found 10-bit comparator less for signal <VS$cmp_lt0000> created at line 36.
    Found 10-bit subtractor for signal <x$addsub0000> created at line 37.
    Found 10-bit up accumulator for signal <xc>.
    Summary:
	inferred   1 Counter(s).
	inferred   1 Accumulator(s).
	inferred   1 Adder/Subtractor(s).
	inferred   7 Comparator(s).
Unit <vga> synthesized.


Synthesizing Unit <vga_mem>.
    Related source file is "src/vga_mem.v".
WARNING:Xst:646 - Signal <y<2:0>> is assigned but never used. This unconnected signal will be trimmed during the optimization process.
WARNING:Xst:653 - Signal <x<9:3>> is used but never assigned. This sourceless signal will be automatically connected to value 0000000.
WARNING:Xst:1780 - Signal <x<2:0>> is never used or assigned. This unconnected signal will be trimmed during the optimization process.
WARNING:Xst:1781 - Signal <mem> is used but never assigned. Tied to default value.
WARNING:Xst:646 - Signal <cx> is assigned but never used. This unconnected signal will be trimmed during the optimization process.
WARNING:Xst:643 - "src/vga_mem.v" line 43: The result of a 10x7-bit multiplication is partially used. Only the 13 least significant bits are used. If you are doing this on purpose, you may safely ignore this warning. Otherwise, make sure you are not losing information, leading to unexpected circuit behavior.
    Found 4800x8-bit ROM for signal <color>.
    Found 13-bit adder for signal <mem_index>.
    Found 10x7-bit multiplier for signal <mem_index$mult0001> created at line 43.
    Summary:
	inferred   1 ROM(s).
	inferred   1 Adder/Subtractor(s).
	inferred   1 Multiplier(s).
Unit <vga_mem> synthesized.


=========================================================================
HDL Synthesis Report

Macro Statistics
# ROMs                                                 : 1
 4800x8-bit ROM                                        : 1
# Multipliers                                          : 1
 10x7-bit multiplier                                   : 1
# Adders/Subtractors                                   : 2
 10-bit subtractor                                     : 1
 13-bit adder                                          : 1
# Counters                                             : 1
 10-bit up counter                                     : 1
# Accumulators                                         : 1
 10-bit up accumulator                                 : 1
# Comparators                                          : 7
 10-bit comparator greater                             : 4
 10-bit comparator less                                : 3

=========================================================================

=========================================================================
*                       Advanced HDL Synthesis                          *
=========================================================================


=========================================================================
Advanced HDL Synthesis Report

Macro Statistics
# ROMs                                                 : 1
 4800x8-bit ROM                                        : 1
# Multipliers                                          : 1
 10x7-bit multiplier                                   : 1
# Adders/Subtractors                                   : 2
 10-bit subtractor                                     : 1
 13-bit adder                                          : 1
# Counters                                             : 1
 10-bit up counter                                     : 1
# Accumulators                                         : 1
 10-bit up accumulator                                 : 1
# Comparators                                          : 7
 10-bit comparator greater                             : 4
 10-bit comparator less                                : 3

=========================================================================

=========================================================================
*                         Low Level Synthesis                           *
=========================================================================
WARNING:Xst:1710 - FF/Latch <xc_0> (without init value) has a constant value of 0 in block <vga>. This FF/Latch will be trimmed during the optimization process.

Optimizing unit <vga_mem> ...

Optimizing unit <vga> ...

Mapping all equations...
Building and optimizing final netlist ...
Found area constraint ratio of 100 (+ 5) on block vga_mem, actual ratio is 82.

Final Macro Processing ...

=========================================================================
Final Register Report

Macro Statistics
# Registers                                            : 19
 Flip-Flops                                            : 19

=========================================================================

=========================================================================
*                           Partition Report                            *
=========================================================================

Partition Implementation Status
-------------------------------

  No Partitions were found in this design.

-------------------------------

=========================================================================
*                            Final Report                               *
=========================================================================
Final Results
RTL Top Level Output File Name     : vga_mem.ngr
Top Level Output File Name         : vga_mem
Output Format                      : NGC
Optimization Goal                  : Speed
Keep Hierarchy                     : No

Design Statistics
# IOs                              : 11

Cell Usage :
# BELS                             : 1447
#      BUF                         : 1
#      GND                         : 1
#      INV                         : 8
#      LUT1                        : 17
#      LUT2                        : 57
#      LUT3                        : 297
#      LUT3_L                      : 1
#      LUT4                        : 566
#      LUT4_L                      : 1
#      MUXCY                       : 17
#      MUXF5                       : 328
#      MUXF6                       : 96
#      MUXF7                       : 29
#      MUXF8                       : 8
#      VCC                         : 1
#      XORCY                       : 19
# FlipFlops/Latches                : 19
#      FDR                         : 9
#      FDRE                        : 10
# Clock Buffers                    : 1
#      BUFGP                       : 1
# IO Buffers                       : 10
#      OBUF                        : 10
# MULTs                            : 1
#      MULT18X18SIO                : 1
=========================================================================

Device utilization summary:
---------------------------

Selected Device : 3s50atq144-4 

 Number of Slices:                      514  out of    704    73%  
 Number of Slice Flip Flops:             19  out of   1408     1%  
 Number of 4 input LUTs:                947  out of   1408    67%  
 Number of IOs:                          11
 Number of bonded IOBs:                  11  out of    108    10%  
 Number of MULT18X18SIOs:                 1  out of      3    33%  
 Number of GCLKs:                         1  out of     24     4%  

---------------------------
Partition Resource Summary:
---------------------------

  No Partitions were found in this design.

---------------------------


=========================================================================
TIMING REPORT

NOTE: THESE TIMING NUMBERS ARE ONLY A SYNTHESIS ESTIMATE.
      FOR ACCURATE TIMING INFORMATION PLEASE REFER TO THE TRACE REPORT
      GENERATED AFTER PLACE-and-ROUTE.

Clock Information:
------------------
-----------------------------------+------------------------+-------+
Clock Signal                       | Clock buffer(FF name)  | Load  |
-----------------------------------+------------------------+-------+
CLK                                | BUFGP                  | 19    |
-----------------------------------+------------------------+-------+

Asynchronous Control Signals Information:
----------------------------------------
No asynchronous control signals found in this design

Timing Summary:
---------------
Speed Grade: -4

   Minimum period: 5.023ns (Maximum Frequency: 199.084MHz)
   Minimum input arrival time before clock: No path found
   Maximum output required time after clock: 21.943ns
   Maximum combinational path delay: No path found

Timing Detail:
--------------
All values displayed in nanoseconds (ns)

=========================================================================
Timing constraint: Default period analysis for Clock 'CLK'
  Clock period: 5.023ns (frequency: 199.084MHz)
  Total number of paths / destination ports: 371 / 48
-------------------------------------------------------------------------
Delay:               5.023ns (Levels of Logic = 2)
  Source:            v/xc_3 (FF)
  Destination:       v/xc_9 (FF)
  Source Clock:      CLK rising
  Destination Clock: CLK rising

  Data Path: v/xc_3 to v/xc_9
                                Gate     Net
    Cell:in->out      fanout   Delay   Delay  Logical Name (Net Name)
    ----------------------------------------  ------------
     FDR:C->Q              4   0.591   0.730  v/xc_3 (v/xc_3)
     LUT4:I0->O            1   0.648   0.452  v/xc_cmp_eq000027 (v/xc_cmp_eq000027)
     LUT4:I2->O           19   0.648   1.085  v/xc_cmp_eq000028 (v/xc_cmp_eq0000)
     FDR:R                     0.869          v/xc_1
    ----------------------------------------
    Total                      5.023ns (2.756ns logic, 2.267ns route)
                                       (54.9% logic, 45.1% route)

=========================================================================
Timing constraint: Default OFFSET OUT AFTER for Clock 'CLK'
  Total number of paths / destination ports: 28769 / 10
-------------------------------------------------------------------------
Offset:              21.943ns (Levels of Logic = 15)
  Source:            v/y_5 (FF)
  Destination:       BLUE<1> (PAD)
  Source Clock:      CLK rising

  Data Path: v/y_5 to BLUE<1>
                                Gate     Net
    Cell:in->out      fanout   Delay   Delay  Logical Name (Net Name)
    ----------------------------------------  ------------
     FDRE:C->Q             5   0.591   0.633  v/y_5 (v/y_5)
     MULT18X18SIO:A2->P3  258   3.657   1.477  Mmult_mem_index_mult0001 (mem_index_mult0001<3>)
     LUT4:I0->O           20   0.648   1.102  Mrom_color1382 (Mrom_color138)
     INV:I->O              1   0.648   0.000  Mrom_color1001_244_INV_0 (Mrom_color1001_244)
     MUXF5:I0->O           2   0.276   0.527  Mrom_color1001_24_f5 (Mrom_color1001_24)
     LUT4:I1->O            2   0.643   0.450  mem_index_mult0001<7>7_SW0 (N107)
     LUT4:I3->O            1   0.648   0.000  mem_index_mult0001<7>5_G (N291)
     MUXF5:I1->O           1   0.276   0.500  mem_index_mult0001<7>5 (mem_index_mult0001<7>11)
     LUT3:I1->O            1   0.643   0.000  Mrom_color1001_111 (Mrom_color1001_111)
     MUXF5:I1->O           2   0.276   0.527  Mrom_color1001_10_f5 (Mrom_color1001_10_f5)
     LUT4:I1->O            1   0.643   0.000  mem_index_mult0001<10>15 (mem_index_mult0001<10>15)
     MUXF5:I0->O           1   0.276   0.500  mem_index_mult0001<10>1_f5 (mem_index_mult0001<10>2)
     LUT3:I1->O            1   0.643   0.000  Mrom_color1001_4 (Mrom_color1001_4)
     MUXF5:I0->O           1   0.276   0.500  Mrom_color1001_2_f5 (color<1>1)
     LUT2:I1->O            1   0.643   0.420  BLUE<1>1 (BLUE_1_OBUF)
     OBUF:I->O                 4.520          BLUE_1_OBUF (BLUE<1>)
    ----------------------------------------
    Total                     21.943ns (15.307ns logic, 6.636ns route)
                                       (69.8% logic, 30.2% route)

=========================================================================


Total REAL time to Xst completion: 13.00 secs
Total CPU time to Xst completion: 12.30 secs
 
--> 


Total memory usage is 551836 kilobytes

Number of errors   :    0 (   0 filtered)
Number of warnings :    8 (   0 filtered)
Number of infos    :    1 (   0 filtered)

