Release 14.7 - xst P.20131013 (lin64)
Copyright (c) 1995-2013 Xilinx, Inc.  All rights reserved.
--> 
Parameter TMPDIR set to xst/projnav.tmp


Total REAL time to Xst completion: 0.00 secs
Total CPU time to Xst completion: 0.05 secs
 
--> 
Parameter xsthdpdir set to xst


Total REAL time to Xst completion: 0.00 secs
Total CPU time to Xst completion: 0.05 secs
 
--> 
Reading design: vga_game.prj

TABLE OF CONTENTS
  1) Synthesis Options Summary
  2) HDL Compilation
  3) Design Hierarchy Analysis
  4) HDL Analysis
  5) HDL Synthesis
     5.1) HDL Synthesis Report
  6) Advanced HDL Synthesis
     6.1) Advanced HDL Synthesis Report
  7) Low Level Synthesis
  8) Partition Report
  9) Final Report
	9.1) Device utilization summary
	9.2) Partition Resource Summary
	9.3) TIMING REPORT


=========================================================================
*                      Synthesis Options Summary                        *
=========================================================================
---- Source Parameters
Input File Name                    : "vga_game.prj"
Input Format                       : mixed
Ignore Synthesis Constraint File   : NO

---- Target Parameters
Output File Name                   : "vga_game"
Output Format                      : NGC
Target Device                      : xc3s50a-4-tq144

---- Source Options
Top Module Name                    : vga_game
Automatic FSM Extraction           : YES
FSM Encoding Algorithm             : Auto
Safe Implementation                : No
FSM Style                          : LUT
RAM Extraction                     : Yes
RAM Style                          : Auto
ROM Extraction                     : Yes
Mux Style                          : Auto
Decoder Extraction                 : YES
Priority Encoder Extraction        : Yes
Shift Register Extraction          : YES
Logical Shifter Extraction         : YES
XOR Collapsing                     : YES
ROM Style                          : Auto
Mux Extraction                     : Yes
Resource Sharing                   : YES
Asynchronous To Synchronous        : NO
Multiplier Style                   : Auto
Automatic Register Balancing       : No

---- Target Options
Add IO Buffers                     : YES
Global Maximum Fanout              : 500
Add Generic Clock Buffer(BUFG)     : 24
Register Duplication               : YES
Slice Packing                      : YES
Optimize Instantiated Primitives   : NO
Use Clock Enable                   : Yes
Use Synchronous Set                : Yes
Use Synchronous Reset              : Yes
Pack IO Registers into IOBs        : Auto
Equivalent register Removal        : YES

---- General Options
Optimization Goal                  : Speed
Optimization Effort                : 1
Keep Hierarchy                     : No
Netlist Hierarchy                  : As_Optimized
RTL Output                         : Yes
Global Optimization                : AllClockNets
Read Cores                         : YES
Write Timing Constraints           : NO
Cross Clock Analysis               : NO
Hierarchy Separator                : /
Bus Delimiter                      : <>
Case Specifier                     : Maintain
Slice Utilization Ratio            : 100
BRAM Utilization Ratio             : 100
Verilog 2001                       : YES
Auto BRAM Packing                  : NO
Slice Utilization Ratio Delta      : 5

=========================================================================


=========================================================================
*                          HDL Compilation                              *
=========================================================================
Compiling verilog file "src/vga.v" in library work
Compiling verilog file "src/vga_game.v" in library work
Module <vga> compiled
Module <vga_game> compiled
No errors in compilation
Analysis of file <"vga_game.prj"> succeeded.
 

=========================================================================
*                     Design Hierarchy Analysis                         *
=========================================================================
Analyzing hierarchy for module <vga_game> in library <work>.

Analyzing hierarchy for module <vga> in library <work>.


=========================================================================
*                            HDL Analysis                               *
=========================================================================
Analyzing top module <vga_game>.
Module <vga_game> is correct for synthesis.
 
Analyzing module <vga> in library <work>.
Module <vga> is correct for synthesis.
 

=========================================================================
*                           HDL Synthesis                               *
=========================================================================

Performing bidirectional port resolution...

Synthesizing Unit <vga>.
    Related source file is "src/vga.v".
    Found 10-bit up counter for signal <y>.
    Found 10-bit comparator greater for signal <blank$cmp_gt0000> created at line 34.
    Found 10-bit comparator greater for signal <blank$cmp_gt0001> created at line 34.
    Found 10-bit comparator less for signal <blank$cmp_lt0000> created at line 34.
    Found 10-bit comparator greater for signal <HS$cmp_gt0000> created at line 35.
    Found 10-bit comparator less for signal <HS$cmp_lt0000> created at line 35.
    Found 10-bit comparator greater for signal <VS$cmp_gt0000> created at line 36.
    Found 10-bit comparator less for signal <VS$cmp_lt0000> created at line 36.
    Found 10-bit subtractor for signal <x$addsub0000> created at line 37.
    Found 10-bit up accumulator for signal <xc>.
    Summary:
	inferred   1 Counter(s).
	inferred   1 Accumulator(s).
	inferred   1 Adder/Subtractor(s).
	inferred   7 Comparator(s).
Unit <vga> synthesized.


Synthesizing Unit <vga_game>.
    Related source file is "src/vga_game.v".
    Found 10-bit adder carry out for signal <add0000$addsub0000> created at line 43.
    Found 10-bit adder carry out for signal <add0001$addsub0000> created at line 43.
    Found 10-bit comparator greater for signal <border$cmp_gt0000> created at line 45.
    Found 10-bit comparator greater for signal <border$cmp_gt0001> created at line 45.
    Found 10-bit comparator greater for signal <border$cmp_gt0002> created at line 45.
    Found 10-bit comparator greater for signal <border$cmp_gt0003> created at line 45.
    Found 10-bit comparator less for signal <border$cmp_lt0000> created at line 45.
    Found 10-bit comparator less for signal <border$cmp_lt0001> created at line 45.
    Found 10-bit comparator less for signal <border$cmp_lt0002> created at line 45.
    Found 10-bit comparator less for signal <border$cmp_lt0003> created at line 45.
    Found 10-bit updown counter for signal <o_x>.
    Found 10-bit updown counter for signal <o_y>.
    Found 10-bit comparator greater for signal <object$cmp_gt0000> created at line 43.
    Found 10-bit comparator greater for signal <object$cmp_gt0001> created at line 43.
    Found 11-bit comparator less for signal <object$cmp_lt0000> created at line 43.
    Found 11-bit comparator less for signal <object$cmp_lt0001> created at line 43.
    Found 16-bit up counter for signal <prescaler>.
    Summary:
	inferred   3 Counter(s).
	inferred   2 Adder/Subtractor(s).
	inferred  12 Comparator(s).
Unit <vga_game> synthesized.


=========================================================================
HDL Synthesis Report

Macro Statistics
# Adders/Subtractors                                   : 3
 10-bit adder carry out                                : 2
 10-bit subtractor                                     : 1
# Counters                                             : 4
 10-bit up counter                                     : 1
 10-bit updown counter                                 : 2
 16-bit up counter                                     : 1
# Accumulators                                         : 1
 10-bit up accumulator                                 : 1
# Comparators                                          : 19
 10-bit comparator greater                             : 10
 10-bit comparator less                                : 7
 11-bit comparator less                                : 2

=========================================================================

=========================================================================
*                       Advanced HDL Synthesis                          *
=========================================================================


=========================================================================
Advanced HDL Synthesis Report

Macro Statistics
# Adders/Subtractors                                   : 3
 10-bit adder carry out                                : 2
 10-bit subtractor                                     : 1
# Counters                                             : 4
 10-bit up counter                                     : 1
 10-bit updown counter                                 : 2
 16-bit up counter                                     : 1
# Accumulators                                         : 1
 10-bit up accumulator                                 : 1
# Comparators                                          : 19
 10-bit comparator greater                             : 10
 10-bit comparator less                                : 7
 11-bit comparator less                                : 2

=========================================================================

=========================================================================
*                         Low Level Synthesis                           *
=========================================================================
WARNING:Xst:1710 - FF/Latch <xc_0> (without init value) has a constant value of 0 in block <vga>. This FF/Latch will be trimmed during the optimization process.

Optimizing unit <vga_game> ...

Optimizing unit <vga> ...

Mapping all equations...
Building and optimizing final netlist ...
Found area constraint ratio of 100 (+ 5) on block vga_game, actual ratio is 13.

Final Macro Processing ...

=========================================================================
Final Register Report

Macro Statistics
# Registers                                            : 55
 Flip-Flops                                            : 55

=========================================================================

=========================================================================
*                           Partition Report                            *
=========================================================================

Partition Implementation Status
-------------------------------

  No Partitions were found in this design.

-------------------------------

=========================================================================
*                            Final Report                               *
=========================================================================
Final Results
RTL Top Level Output File Name     : vga_game.ngr
Top Level Output File Name         : vga_game
Output Format                      : NGC
Optimization Goal                  : Speed
Keep Hierarchy                     : No

Design Statistics
# IOs                              : 15

Cell Usage :
# BELS                             : 355
#      GND                         : 1
#      INV                         : 15
#      LUT1                        : 42
#      LUT2                        : 52
#      LUT2_L                      : 1
#      LUT3                        : 18
#      LUT4                        : 36
#      LUT4_D                      : 1
#      LUT4_L                      : 1
#      MUXCY                       : 110
#      MUXF5                       : 4
#      VCC                         : 1
#      XORCY                       : 73
# FlipFlops/Latches                : 55
#      FD                          : 16
#      FDE                         : 20
#      FDR                         : 9
#      FDRE                        : 10
# Clock Buffers                    : 1
#      BUFGP                       : 1
# IO Buffers                       : 14
#      IBUF                        : 4
#      OBUF                        : 10
=========================================================================

Device utilization summary:
---------------------------

Selected Device : 3s50atq144-4 

 Number of Slices:                       90  out of    704    12%  
 Number of Slice Flip Flops:             55  out of   1408     3%  
 Number of 4 input LUTs:                166  out of   1408    11%  
 Number of IOs:                          15
 Number of bonded IOBs:                  15  out of    108    13%  
 Number of GCLKs:                         1  out of     24     4%  

---------------------------
Partition Resource Summary:
---------------------------

  No Partitions were found in this design.

---------------------------


=========================================================================
TIMING REPORT

NOTE: THESE TIMING NUMBERS ARE ONLY A SYNTHESIS ESTIMATE.
      FOR ACCURATE TIMING INFORMATION PLEASE REFER TO THE TRACE REPORT
      GENERATED AFTER PLACE-and-ROUTE.

Clock Information:
------------------
-----------------------------------+------------------------+-------+
Clock Signal                       | Clock buffer(FF name)  | Load  |
-----------------------------------+------------------------+-------+
CLK                                | BUFGP                  | 55    |
-----------------------------------+------------------------+-------+

Asynchronous Control Signals Information:
----------------------------------------
No asynchronous control signals found in this design

Timing Summary:
---------------
Speed Grade: -4

   Minimum period: 5.334ns (Maximum Frequency: 187.477MHz)
   Minimum input arrival time before clock: 4.781ns
   Maximum output required time after clock: 15.555ns
   Maximum combinational path delay: No path found

Timing Detail:
--------------
All values displayed in nanoseconds (ns)

=========================================================================
Timing constraint: Default period analysis for Clock 'CLK'
  Clock period: 5.334ns (frequency: 187.477MHz)
  Total number of paths / destination ports: 1027 / 104
-------------------------------------------------------------------------
Delay:               5.334ns (Levels of Logic = 3)
  Source:            prescaler_7 (FF)
  Destination:       o_y_0 (FF)
  Source Clock:      CLK rising
  Destination Clock: CLK rising

  Data Path: prescaler_7 to o_y_0
                                Gate     Net
    Cell:in->out      fanout   Delay   Delay  Logical Name (Net Name)
    ----------------------------------------  ------------
     FD:C->Q               2   0.591   0.590  prescaler_7 (prescaler_7)
     LUT4:I0->O            1   0.648   0.563  o_y_and000112 (o_y_and000112)
     LUT4_D:I0->O          1   0.648   0.452  o_y_and000176 (o_y_and0001)
     LUT3:I2->O           10   0.648   0.882  o_y_or0000_inv1 (o_y_or0000_inv)
     FDE:CE                    0.312          o_y_0
    ----------------------------------------
    Total                      5.334ns (2.847ns logic, 2.487ns route)
                                       (53.4% logic, 46.6% route)

=========================================================================
Timing constraint: Default OFFSET IN BEFORE for Clock 'CLK'
  Total number of paths / destination ports: 170 / 40
-------------------------------------------------------------------------
Offset:              4.781ns (Levels of Logic = 12)
  Source:            dn_switch (PAD)
  Destination:       o_y_9 (FF)
  Destination Clock: CLK rising

  Data Path: dn_switch to o_y_9
                                Gate     Net
    Cell:in->out      fanout   Delay   Delay  Logical Name (Net Name)
    ----------------------------------------  ------------
     IBUF:I->O            12   0.849   1.041  dn_switch_IBUF (dn_switch_IBUF)
     LUT2:I1->O            1   0.643   0.000  Mcount_o_y_lut<0> (Mcount_o_y_lut<0>)
     MUXCY:S->O            1   0.632   0.000  Mcount_o_y_cy<0> (Mcount_o_y_cy<0>)
     MUXCY:CI->O           1   0.065   0.000  Mcount_o_y_cy<1> (Mcount_o_y_cy<1>)
     MUXCY:CI->O           1   0.065   0.000  Mcount_o_y_cy<2> (Mcount_o_y_cy<2>)
     MUXCY:CI->O           1   0.065   0.000  Mcount_o_y_cy<3> (Mcount_o_y_cy<3>)
     MUXCY:CI->O           1   0.065   0.000  Mcount_o_y_cy<4> (Mcount_o_y_cy<4>)
     MUXCY:CI->O           1   0.065   0.000  Mcount_o_y_cy<5> (Mcount_o_y_cy<5>)
     MUXCY:CI->O           1   0.065   0.000  Mcount_o_y_cy<6> (Mcount_o_y_cy<6>)
     MUXCY:CI->O           1   0.065   0.000  Mcount_o_y_cy<7> (Mcount_o_y_cy<7>)
     MUXCY:CI->O           0   0.065   0.000  Mcount_o_y_cy<8> (Mcount_o_y_cy<8>)
     XORCY:CI->O           1   0.844   0.000  Mcount_o_y_xor<9> (Result<9>)
     FDE:D                     0.252          o_y_9
    ----------------------------------------
    Total                      4.781ns (3.740ns logic, 1.041ns route)
                                       (78.2% logic, 21.8% route)

=========================================================================
Timing constraint: Default OFFSET OUT AFTER for Clock 'CLK'
  Total number of paths / destination ports: 1874 / 10
-------------------------------------------------------------------------
Offset:              15.555ns (Levels of Logic = 8)
  Source:            v/xc_5 (FF)
  Destination:       BLUE<1> (PAD)
  Source Clock:      CLK rising

  Data Path: v/xc_5 to BLUE<1>
                                Gate     Net
    Cell:in->out      fanout   Delay   Delay  Logical Name (Net Name)
    ----------------------------------------  ------------
     FDR:C->Q             13   0.591   1.063  v/xc_5 (v/xc_5)
     LUT2:I1->O            7   0.643   0.740  v/Msub_x_addsub0000_cy<6>11 (v/Msub_x_addsub0000_cy<6>)
     LUT4:I2->O           22   0.648   1.307  v/blank_cmp_lt000011 (v/blank_cmp_lt0000)
     LUT2:I0->O            2   0.648   0.527  v/x<5>1 (x<5>)
     LUT4:I1->O            1   0.643   0.563  border129_SW0 (N10)
     LUT4:I0->O            1   0.648   0.500  border129 (border129)
     LUT4:I1->O            2   0.643   0.590  border186 (border)
     LUT2:I0->O            5   0.648   0.633  RED_and00001 (RED_0_OBUF)
     OBUF:I->O                 4.520          BLUE_1_OBUF (BLUE<1>)
    ----------------------------------------
    Total                     15.555ns (9.632ns logic, 5.923ns route)
                                       (61.9% logic, 38.1% route)

=========================================================================


Total REAL time to Xst completion: 4.00 secs
Total CPU time to Xst completion: 4.32 secs
 
--> 


Total memory usage is 500676 kilobytes

Number of errors   :    0 (   0 filtered)
Number of warnings :    1 (   0 filtered)
Number of infos    :    0 (   0 filtered)

